set(CMAKE_C_COMPILER "/opt/EmbedSky/gcc-linaro-5.3-2016.02-x86_64_arm-linux-gnueabihf/bin/arm-linux-gnueabihf-gcc")
set(CMAKE_CXX_COMPILER "/opt/EmbedSky/gcc-linaro-5.3-2016.02-x86_64_arm-linux-gnueabihf/bin/arm-linux-gnueabihf-g++")
set(CMAKE_LINKER "/opt/EmbedSky/gcc-linaro-5.3-2016.02-x86_64_arm-linux-gnueabihf/bin/arm-linux-gnueabihf-ld")
set(CMAKE_AR "/opt/EmbedSky/gcc-linaro-5.3-2016.02-x86_64_arm-linux-gnueabihf/bin/arm-linux-gnueabihf-gcc-ar")
set(ARM_LINUX_SYSROOT "/opt/EmbedSky/gcc-linaro-5.3-2016.02-x86_64_arm-linux-gnueabihf/arm-linux-gnueabihf")


cmake -DOPENCV_EXTRA_MODULES_PATH=../../opencv_contrib-3.4.1/modules -DCMAKE_TOOLCHAIN_FILE=../platforms/linux/arm.toolchain.cmake ..


zhangshaoyan@linux-idpd:~/armbuild/zlib-1.2.11> export CC=arm-linux-gnueabihf-gcc
zhangshaoyan@linux-idpd:~/armbuild/zlib-1.2.11> CC
If 'CC' is not a typo you can use command-not-found to lookup the package that contains it, like this:
    cnf CC
zhangshaoyan@linux-idpd:~/armbuild/zlib-1.2.11> ./configure  --help
usage:
  configure [--const] [--zprefix] [--prefix=PREFIX]  [--eprefix=EXPREFIX]
    [--static] [--64] [--libdir=LIBDIR] [--sharedlibdir=LIBDIR]
    [--includedir=INCLUDEDIR] [--archs="-arch i386 -arch x86_64"]
zhangshaoyan@linux-idpd:~/armbuild/zlib-1.2.11> ./configure  --prefix=/home/zhangshaoyan/armbuild/lib4arm 
Checking for shared library support...
Building shared library libz.so.1.2.11 with arm-linux-gnueabihf-gcc.
Checking for size_t... Yes.
Checking for off64_t... Yes.
Checking for fseeko... Yes.
Checking for strerror... Yes.
Checking for unistd.h... Yes.
Checking for stdarg.h... Yes.
Checking whether to use vs[n]printf() or s[n]printf()... using vs[n]printf().
Checking for vsnprintf() in stdio.h... Yes.
Checking for return value of vsnprintf()... Yes.
Checking for attribute(visibility) support... Yes.
zhangshaoyan@linux-idpd:~/armbuild/zlib-1.2.11> make
arm-linux-gnueabihf-gcc -O3 -D_LARGEFILE64_SOURCE=1 -DHAVE_HIDDEN -I. -c -o example.o test/example.c
arm-linux-gnueabihf-gcc -O3 -D_LARGEFILE64_SOURCE=1 -DHAVE_HIDDEN  -c -o adler32.o adler32.c
arm-linux-gnueabihf-gcc -O3 -D_LARGEFILE64_SOURCE=1 -DHAVE_HIDDEN  -c -o crc32.o crc32.c
arm-linux-gnueabihf-gcc -O3 -D_LARGEFILE64_SOURCE=1 -DHAVE_HIDDEN  -c -o deflate.o deflate.c
arm-linux-gnueabihf-gcc -O3 -D_LARGEFILE64_SOURCE=1 -DHAVE_HIDDEN  -c -o infback.o infback.c
arm-linux-gnueabihf-gcc -O3 -D_LARGEFILE64_SOURCE=1 -DHAVE_HIDDEN  -c -o inffast.o inffast.c
arm-linux-gnueabihf-gcc -O3 -D_LARGEFILE64_SOURCE=1 -DHAVE_HIDDEN  -c -o inflate.o inflate.c
arm-linux-gnueabihf-gcc -O3 -D_LARGEFILE64_SOURCE=1 -DHAVE_HIDDEN  -c -o inftrees.o inftrees.c
arm-linux-gnueabihf-gcc -O3 -D_LARGEFILE64_SOURCE=1 -DHAVE_HIDDEN  -c -o trees.o trees.c
arm-linux-gnueabihf-gcc -O3 -D_LARGEFILE64_SOURCE=1 -DHAVE_HIDDEN  -c -o zutil.o zutil.c
arm-linux-gnueabihf-gcc -O3 -D_LARGEFILE64_SOURCE=1 -DHAVE_HIDDEN  -c -o compress.o compress.c
arm-linux-gnueabihf-gcc -O3 -D_LARGEFILE64_SOURCE=1 -DHAVE_HIDDEN  -c -o uncompr.o uncompr.c
arm-linux-gnueabihf-gcc -O3 -D_LARGEFILE64_SOURCE=1 -DHAVE_HIDDEN  -c -o gzclose.o gzclose.c
arm-linux-gnueabihf-gcc -O3 -D_LARGEFILE64_SOURCE=1 -DHAVE_HIDDEN  -c -o gzlib.o gzlib.c
arm-linux-gnueabihf-gcc -O3 -D_LARGEFILE64_SOURCE=1 -DHAVE_HIDDEN  -c -o gzread.o gzread.c
arm-linux-gnueabihf-gcc -O3 -D_LARGEFILE64_SOURCE=1 -DHAVE_HIDDEN  -c -o gzwrite.o gzwrite.c
ar rc libz.a adler32.o crc32.o deflate.o infback.o inffast.o inflate.o inftrees.o trees.o zutil.o compress.o uncompr.o gzclose.o gzlib.o gzread.o gzwrite.o 
arm-linux-gnueabihf-gcc -O3 -D_LARGEFILE64_SOURCE=1 -DHAVE_HIDDEN -o example example.o -L. libz.a
arm-linux-gnueabihf-gcc -O3 -D_LARGEFILE64_SOURCE=1 -DHAVE_HIDDEN -I. -c -o minigzip.o test/minigzip.c
arm-linux-gnueabihf-gcc -O3 -D_LARGEFILE64_SOURCE=1 -DHAVE_HIDDEN -o minigzip minigzip.o -L. libz.a
arm-linux-gnueabihf-gcc -O3 -fPIC -D_LARGEFILE64_SOURCE=1 -DHAVE_HIDDEN  -DPIC -c -o objs/adler32.o adler32.c
arm-linux-gnueabihf-gcc -O3 -fPIC -D_LARGEFILE64_SOURCE=1 -DHAVE_HIDDEN  -DPIC -c -o objs/crc32.o crc32.c
arm-linux-gnueabihf-gcc -O3 -fPIC -D_LARGEFILE64_SOURCE=1 -DHAVE_HIDDEN  -DPIC -c -o objs/deflate.o deflate.c
arm-linux-gnueabihf-gcc -O3 -fPIC -D_LARGEFILE64_SOURCE=1 -DHAVE_HIDDEN  -DPIC -c -o objs/infback.o infback.c
arm-linux-gnueabihf-gcc -O3 -fPIC -D_LARGEFILE64_SOURCE=1 -DHAVE_HIDDEN  -DPIC -c -o objs/inffast.o inffast.c
arm-linux-gnueabihf-gcc -O3 -fPIC -D_LARGEFILE64_SOURCE=1 -DHAVE_HIDDEN  -DPIC -c -o objs/inflate.o inflate.c
arm-linux-gnueabihf-gcc -O3 -fPIC -D_LARGEFILE64_SOURCE=1 -DHAVE_HIDDEN  -DPIC -c -o objs/inftrees.o inftrees.c
arm-linux-gnueabihf-gcc -O3 -fPIC -D_LARGEFILE64_SOURCE=1 -DHAVE_HIDDEN  -DPIC -c -o objs/trees.o trees.c
arm-linux-gnueabihf-gcc -O3 -fPIC -D_LARGEFILE64_SOURCE=1 -DHAVE_HIDDEN  -DPIC -c -o objs/zutil.o zutil.c
arm-linux-gnueabihf-gcc -O3 -fPIC -D_LARGEFILE64_SOURCE=1 -DHAVE_HIDDEN  -DPIC -c -o objs/compress.o compress.c
arm-linux-gnueabihf-gcc -O3 -fPIC -D_LARGEFILE64_SOURCE=1 -DHAVE_HIDDEN  -DPIC -c -o objs/uncompr.o uncompr.c
arm-linux-gnueabihf-gcc -O3 -fPIC -D_LARGEFILE64_SOURCE=1 -DHAVE_HIDDEN  -DPIC -c -o objs/gzclose.o gzclose.c
arm-linux-gnueabihf-gcc -O3 -fPIC -D_LARGEFILE64_SOURCE=1 -DHAVE_HIDDEN  -DPIC -c -o objs/gzlib.o gzlib.c
arm-linux-gnueabihf-gcc -O3 -fPIC -D_LARGEFILE64_SOURCE=1 -DHAVE_HIDDEN  -DPIC -c -o objs/gzread.o gzread.c
arm-linux-gnueabihf-gcc -O3 -fPIC -D_LARGEFILE64_SOURCE=1 -DHAVE_HIDDEN  -DPIC -c -o objs/gzwrite.o gzwrite.c
arm-linux-gnueabihf-gcc -shared -Wl,-soname,libz.so.1,--version-script,zlib.map -O3 -fPIC -D_LARGEFILE64_SOURCE=1 -DHAVE_HIDDEN -o libz.so.1.2.11 adler32.lo crc32.lo deflate.lo infback.lo inffast.lo inflate.lo inftrees.lo trees.lo zutil.lo compress.lo uncompr.lo gzclose.lo gzlib.lo gzread.lo gzwrite.lo  -lc 
rm -f libz.so libz.so.1
ln -s libz.so.1.2.11 libz.so
ln -s libz.so.1.2.11 libz.so.1
arm-linux-gnueabihf-gcc -O3 -D_LARGEFILE64_SOURCE=1 -DHAVE_HIDDEN -o examplesh example.o -L. libz.so.1.2.11
arm-linux-gnueabihf-gcc -O3 -D_LARGEFILE64_SOURCE=1 -DHAVE_HIDDEN -o minigzipsh minigzip.o -L. libz.so.1.2.11
arm-linux-gnueabihf-gcc -O3 -D_LARGEFILE64_SOURCE=1 -DHAVE_HIDDEN -I. -D_FILE_OFFSET_BITS=64 -c -o example64.o test/example.c
arm-linux-gnueabihf-gcc -O3 -D_LARGEFILE64_SOURCE=1 -DHAVE_HIDDEN -o example64 example64.o -L. libz.a
arm-linux-gnueabihf-gcc -O3 -D_LARGEFILE64_SOURCE=1 -DHAVE_HIDDEN -I. -D_FILE_OFFSET_BITS=64 -c -o minigzip64.o test/minigzip.c
arm-linux-gnueabihf-gcc -O3 -D_LARGEFILE64_SOURCE=1 -DHAVE_HIDDEN -o minigzip64 minigzip64.o -L. libz.a
zhangshaoyan@linux-idpd:~/armbuild/zlib-1.2.11> make install
rm -f /home/zhangshaoyan/armbuild/lib4arm/lib/libz.a
cp libz.a /home/zhangshaoyan/armbuild/lib4arm/lib
chmod 644 /home/zhangshaoyan/armbuild/lib4arm/lib/libz.a
cp libz.so.1.2.11 /home/zhangshaoyan/armbuild/lib4arm/lib
chmod 755 /home/zhangshaoyan/armbuild/lib4arm/lib/libz.so.1.2.11
rm -f /home/zhangshaoyan/armbuild/lib4arm/share/man/man3/zlib.3
cp zlib.3 /home/zhangshaoyan/armbuild/lib4arm/share/man/man3
chmod 644 /home/zhangshaoyan/armbuild/lib4arm/share/man/man3/zlib.3
rm -f /home/zhangshaoyan/armbuild/lib4arm/lib/pkgconfig/zlib.pc
cp zlib.pc /home/zhangshaoyan/armbuild/lib4arm/lib/pkgconfig
chmod 644 /home/zhangshaoyan/armbuild/lib4arm/lib/pkgconfig/zlib.pc
rm -f /home/zhangshaoyan/armbuild/lib4arm/include/zlib.h /home/zhangshaoyan/armbuild/lib4arm/include/zconf.h
cp zlib.h zconf.h /home/zhangshaoyan/armbuild/lib4arm/include
chmod 644 /home/zhangshaoyan/armbuild/lib4arm/include/zlib.h /home/zhangshaoyan/armbuild/lib4arm/include/zconf.h
zhangshaoyan@linux-idpd:~/armbuild/zlib-1.2.11> 


zhangshaoyan@linux-idpd:~/armbuild/opencv-3.4.1/build> cmake -DOPENCV_EXTRA_MODULES_PATH=../../opencv_contrib-3.4.1/modules -DCMAKE_TOOLCHAIN_FILE=../platforms/linux/arm-gnueabi.toolchain.cmake ..
-- The CXX compiler identification is GNU 5.3.1
-- The C compiler identification is GNU 5.3.1
-- Check for working CXX compiler: /opt/EmbedSky/gcc-linaro-5.3-2016.02-x86_64_arm-linux-gnueabihf/bin/arm-linux-gnueabihf-g++
-- Check for working CXX compiler: /opt/EmbedSky/gcc-linaro-5.3-2016.02-x86_64_arm-linux-gnueabihf/bin/arm-linux-gnueabihf-g++ -- works
-- Detecting CXX compiler ABI info
-- Detecting CXX compiler ABI info - done
-- Detecting CXX compile features
-- Detecting CXX compile features - done
-- Check for working C compiler: /opt/EmbedSky/gcc-linaro-5.3-2016.02-x86_64_arm-linux-gnueabihf/bin/arm-linux-gnueabihf-gcc
-- Check for working C compiler: /opt/EmbedSky/gcc-linaro-5.3-2016.02-x86_64_arm-linux-gnueabihf/bin/arm-linux-gnueabihf-gcc -- works
-- Detecting C compiler ABI info
-- Detecting C compiler ABI info - done
-- Detecting C compile features
-- Detecting C compile features - done
-- Performing Test HAVE_CXX11 (check file: cmake/checks/cxx11.cpp)
-- Performing Test HAVE_CXX11 - Failed
-- Found PythonInterp: /usr/local/bin/python2.7 (found suitable version "2.7.15", minimum required is "2.7") 
-- Could NOT find PythonLibs (missing:  PYTHON_LIBRARIES PYTHON_INCLUDE_DIRS) (Required is at least version "2.7")
Could not find platform dependent libraries <exec_prefix>
Consider setting $PYTHONHOME to <prefix>[:<exec_prefix>]
-- Cannot probe for Python/Numpy support (because we are cross-compiling OpenCV)
-- If you want to enable Python/Numpy support, set the following variables:
--   PYTHON2_INCLUDE_PATH
--   PYTHON2_LIBRARIES (optional on Unix-like systems)
--   PYTHON2_NUMPY_INCLUDE_DIRS
--   PYTHON3_INCLUDE_PATH
--   PYTHON3_LIBRARIES (optional on Unix-like systems)
--   PYTHON3_NUMPY_INCLUDE_DIRS
-- Found PythonInterp: /usr/local/bin/python3.4 (found suitable version "3.4.6", minimum required is "3.4") 
-- Could NOT find PythonLibs (missing:  PYTHON_LIBRARIES PYTHON_INCLUDE_DIRS) (Required is at least version "3.4")
Could not find platform dependent libraries <exec_prefix>
Consider setting $PYTHONHOME to <prefix>[:<exec_prefix>]
-- Cannot probe for Python/Numpy support (because we are cross-compiling OpenCV)
-- If you want to enable Python/Numpy support, set the following variables:
--   PYTHON2_INCLUDE_PATH
--   PYTHON2_LIBRARIES (optional on Unix-like systems)
--   PYTHON2_NUMPY_INCLUDE_DIRS
--   PYTHON3_INCLUDE_PATH
--   PYTHON3_LIBRARIES (optional on Unix-like systems)
--   PYTHON3_NUMPY_INCLUDE_DIRS
-- Looking for ccache - not found
-- Performing Test HAVE_CXX_FSIGNED_CHAR
-- Performing Test HAVE_CXX_FSIGNED_CHAR - Success
-- Performing Test HAVE_C_FSIGNED_CHAR
-- Performing Test HAVE_C_FSIGNED_CHAR - Success
-- Performing Test HAVE_CXX_W
-- Performing Test HAVE_CXX_W - Success
-- Performing Test HAVE_C_W
-- Performing Test HAVE_C_W - Success
-- Performing Test HAVE_CXX_WALL
-- Performing Test HAVE_CXX_WALL - Success
-- Performing Test HAVE_C_WALL
-- Performing Test HAVE_C_WALL - Success
-- Performing Test HAVE_CXX_WERROR_RETURN_TYPE
-- Performing Test HAVE_CXX_WERROR_RETURN_TYPE - Success
-- Performing Test HAVE_C_WERROR_RETURN_TYPE
-- Performing Test HAVE_C_WERROR_RETURN_TYPE - Success
-- Performing Test HAVE_CXX_WERROR_NON_VIRTUAL_DTOR
-- Performing Test HAVE_CXX_WERROR_NON_VIRTUAL_DTOR - Success
-- Performing Test HAVE_C_WERROR_NON_VIRTUAL_DTOR
-- Performing Test HAVE_C_WERROR_NON_VIRTUAL_DTOR - Success
-- Performing Test HAVE_CXX_WERROR_ADDRESS
-- Performing Test HAVE_CXX_WERROR_ADDRESS - Success
-- Performing Test HAVE_C_WERROR_ADDRESS
-- Performing Test HAVE_C_WERROR_ADDRESS - Success
-- Performing Test HAVE_CXX_WERROR_SEQUENCE_POINT
-- Performing Test HAVE_CXX_WERROR_SEQUENCE_POINT - Success
-- Performing Test HAVE_C_WERROR_SEQUENCE_POINT
-- Performing Test HAVE_C_WERROR_SEQUENCE_POINT - Success
-- Performing Test HAVE_CXX_WFORMAT
-- Performing Test HAVE_CXX_WFORMAT - Success
-- Performing Test HAVE_C_WFORMAT
-- Performing Test HAVE_C_WFORMAT - Success
-- Performing Test HAVE_CXX_WERROR_FORMAT_SECURITY
-- Performing Test HAVE_CXX_WERROR_FORMAT_SECURITY - Success
-- Performing Test HAVE_C_WERROR_FORMAT_SECURITY
-- Performing Test HAVE_C_WERROR_FORMAT_SECURITY - Success
-- Performing Test HAVE_CXX_WMISSING_DECLARATIONS
-- Performing Test HAVE_CXX_WMISSING_DECLARATIONS - Success
-- Performing Test HAVE_C_WMISSING_DECLARATIONS
-- Performing Test HAVE_C_WMISSING_DECLARATIONS - Success
-- Performing Test HAVE_CXX_WMISSING_PROTOTYPES
-- Performing Test HAVE_CXX_WMISSING_PROTOTYPES - Failed
-- Performing Test HAVE_C_WMISSING_PROTOTYPES
-- Performing Test HAVE_C_WMISSING_PROTOTYPES - Success
-- Performing Test HAVE_CXX_WSTRICT_PROTOTYPES
-- Performing Test HAVE_CXX_WSTRICT_PROTOTYPES - Failed
-- Performing Test HAVE_C_WSTRICT_PROTOTYPES
-- Performing Test HAVE_C_WSTRICT_PROTOTYPES - Success
-- Performing Test HAVE_CXX_WUNDEF
-- Performing Test HAVE_CXX_WUNDEF - Success
-- Performing Test HAVE_C_WUNDEF
-- Performing Test HAVE_C_WUNDEF - Success
-- Performing Test HAVE_CXX_WINIT_SELF
-- Performing Test HAVE_CXX_WINIT_SELF - Success
-- Performing Test HAVE_C_WINIT_SELF
-- Performing Test HAVE_C_WINIT_SELF - Success
-- Performing Test HAVE_CXX_WPOINTER_ARITH
-- Performing Test HAVE_CXX_WPOINTER_ARITH - Success
-- Performing Test HAVE_C_WPOINTER_ARITH
-- Performing Test HAVE_C_WPOINTER_ARITH - Success
-- Performing Test HAVE_CXX_WSHADOW
-- Performing Test HAVE_CXX_WSHADOW - Success
-- Performing Test HAVE_C_WSHADOW
-- Performing Test HAVE_C_WSHADOW - Success
-- Performing Test HAVE_CXX_WSIGN_PROMO
-- Performing Test HAVE_CXX_WSIGN_PROMO - Success
-- Performing Test HAVE_C_WSIGN_PROMO
-- Performing Test HAVE_C_WSIGN_PROMO - Failed
-- Performing Test HAVE_CXX_WUNINITIALIZED
-- Performing Test HAVE_CXX_WUNINITIALIZED - Success
-- Performing Test HAVE_C_WUNINITIALIZED
-- Performing Test HAVE_C_WUNINITIALIZED - Success
-- Performing Test HAVE_CXX_WNO_NARROWING
-- Performing Test HAVE_CXX_WNO_NARROWING - Success
-- Performing Test HAVE_C_WNO_NARROWING
-- Performing Test HAVE_C_WNO_NARROWING - Success
-- Performing Test HAVE_CXX_WNO_DELETE_NON_VIRTUAL_DTOR
-- Performing Test HAVE_CXX_WNO_DELETE_NON_VIRTUAL_DTOR - Success
-- Performing Test HAVE_C_WNO_DELETE_NON_VIRTUAL_DTOR
-- Performing Test HAVE_C_WNO_DELETE_NON_VIRTUAL_DTOR - Failed
-- Performing Test HAVE_CXX_WNO_UNNAMED_TYPE_TEMPLATE_ARGS
-- Performing Test HAVE_CXX_WNO_UNNAMED_TYPE_TEMPLATE_ARGS - Failed
-- Performing Test HAVE_C_WNO_UNNAMED_TYPE_TEMPLATE_ARGS
-- Performing Test HAVE_C_WNO_UNNAMED_TYPE_TEMPLATE_ARGS - Failed
-- Performing Test HAVE_CXX_WNO_COMMENT
-- Performing Test HAVE_CXX_WNO_COMMENT - Success
-- Performing Test HAVE_C_WNO_COMMENT
-- Performing Test HAVE_C_WNO_COMMENT - Success
-- Performing Test HAVE_CXX_WNO_IMPLICIT_FALLTHROUGH
-- Performing Test HAVE_CXX_WNO_IMPLICIT_FALLTHROUGH - Failed
-- Performing Test HAVE_C_WNO_IMPLICIT_FALLTHROUGH
-- Performing Test HAVE_C_WNO_IMPLICIT_FALLTHROUGH - Failed
-- Performing Test HAVE_CXX_FDIAGNOSTICS_SHOW_OPTION
-- Performing Test HAVE_CXX_FDIAGNOSTICS_SHOW_OPTION - Success
-- Performing Test HAVE_C_FDIAGNOSTICS_SHOW_OPTION
-- Performing Test HAVE_C_FDIAGNOSTICS_SHOW_OPTION - Success
-- Performing Test HAVE_CXX_PTHREAD
-- Performing Test HAVE_CXX_PTHREAD - Success
-- Performing Test HAVE_C_PTHREAD
-- Performing Test HAVE_C_PTHREAD - Success
-- Performing Test HAVE_CXX_FOMIT_FRAME_POINTER
-- Performing Test HAVE_CXX_FOMIT_FRAME_POINTER - Success
-- Performing Test HAVE_C_FOMIT_FRAME_POINTER
-- Performing Test HAVE_C_FOMIT_FRAME_POINTER - Success
-- Performing Test HAVE_CXX_FFUNCTION_SECTIONS
-- Performing Test HAVE_CXX_FFUNCTION_SECTIONS - Success
-- Performing Test HAVE_C_FFUNCTION_SECTIONS
-- Performing Test HAVE_C_FFUNCTION_SECTIONS - Success
-- Performing Test HAVE_CXX_FDATA_SECTIONS
-- Performing Test HAVE_CXX_FDATA_SECTIONS - Success
-- Performing Test HAVE_C_FDATA_SECTIONS
-- Performing Test HAVE_C_FDATA_SECTIONS - Success
-- Performing Test HAVE_CXX_MFPU_VFPV3
-- Performing Test HAVE_CXX_MFPU_VFPV3 - Success
-- Performing Test HAVE_CPU_NEON_SUPPORT (check file: cmake/checks/cpu_neon.cpp)
-- Performing Test HAVE_CPU_NEON_SUPPORT - Failed
-- Performing Test HAVE_CXX_MFPU_NEON (check file: cmake/checks/cpu_neon.cpp)
-- Performing Test HAVE_CXX_MFPU_NEON - Success
-- Performing Test HAVE_CPU_FP16_SUPPORT (check file: cmake/checks/cpu_fp16.cpp)
-- Performing Test HAVE_CPU_FP16_SUPPORT - Failed
-- Performing Test HAVE_CXX_MFPU_NEON_FP16 (check file: cmake/checks/cpu_fp16.cpp)
-- Performing Test HAVE_CXX_MFPU_NEON_FP16 - Failed
-- FP16 is not supported by C++ compiler
-- Performing Test HAVE_CPU_BASELINE_FLAGS
-- Performing Test HAVE_CPU_BASELINE_FLAGS - Success
-- Performing Test HAVE_CXX_MFP16_FORMAT_IEEE
-- Performing Test HAVE_CXX_MFP16_FORMAT_IEEE - Success
-- Performing Test HAVE_C_MFP16_FORMAT_IEEE
-- Performing Test HAVE_C_MFP16_FORMAT_IEEE - Success
-- Performing Test HAVE_CXX_FVISIBILITY_HIDDEN
-- Performing Test HAVE_CXX_FVISIBILITY_HIDDEN - Success
-- Performing Test HAVE_C_FVISIBILITY_HIDDEN
-- Performing Test HAVE_C_FVISIBILITY_HIDDEN - Success
-- Performing Test HAVE_CXX_FVISIBILITY_INLINES_HIDDEN
-- Performing Test HAVE_CXX_FVISIBILITY_INLINES_HIDDEN - Success
-- Performing Test HAVE_C_FVISIBILITY_INLINES_HIDDEN
-- Performing Test HAVE_C_FVISIBILITY_INLINES_HIDDEN - Failed
-- OpenCV disables pkg-config to avoid using of host libraries. Consider using PKG_CONFIG_LIBDIR to specify target SYSROOT
-- Looking for pthread.h
-- Looking for pthread.h - found
-- Looking for posix_memalign
-- Looking for posix_memalign - found
-- Looking for malloc.h
-- Looking for malloc.h - found
-- Looking for memalign
-- Looking for memalign - found
-- Check if the system is big endian
-- Searching 16 bit integer
-- Looking for sys/types.h
-- Looking for sys/types.h - found
-- Looking for stdint.h
-- Looking for stdint.h - found
-- Looking for stddef.h
-- Looking for stddef.h - found
-- Check size of unsigned short
-- Check size of unsigned short - done
-- Using unsigned short
-- Check if the system is big endian - little endian
-- Could NOT find ZLIB (missing:  ZLIB_LIBRARY ZLIB_INCLUDE_DIR) (Required is at least version "1.2.3")
-- Looking for fseeko
-- Looking for fseeko - found
-- Looking for unistd.h
-- Looking for unistd.h - found
-- Check size of off64_t
-- Check size of off64_t - failed
-- Performing Test HAVE_C_WNO_SHORTEN_64_TO_32
-- Performing Test HAVE_C_WNO_SHORTEN_64_TO_32 - Failed
-- Performing Test HAVE_C_WNO_ATTRIBUTES
-- Performing Test HAVE_C_WNO_ATTRIBUTES - Success
-- Performing Test HAVE_C_WNO_STRICT_PROTOTYPES
-- Performing Test HAVE_C_WNO_STRICT_PROTOTYPES - Success
-- Performing Test HAVE_C_WNO_MISSING_PROTOTYPES
-- Performing Test HAVE_C_WNO_MISSING_PROTOTYPES - Success
-- Performing Test HAVE_C_WNO_MISSING_DECLARATIONS
-- Performing Test HAVE_C_WNO_MISSING_DECLARATIONS - Success
-- Performing Test HAVE_C_WNO_SHIFT_NEGATIVE_VALUE
-- Performing Test HAVE_C_WNO_SHIFT_NEGATIVE_VALUE - Failed
-- Performing Test HAVE_C_WNO_UNDEF
-- Performing Test HAVE_C_WNO_UNDEF - Success
-- Could NOT find JPEG (missing:  JPEG_LIBRARY JPEG_INCLUDE_DIR) 
-- Performing Test HAVE_C_WNO_CAST_ALIGN
-- Performing Test HAVE_C_WNO_CAST_ALIGN - Success
-- Performing Test HAVE_C_WNO_SHADOW
-- Performing Test HAVE_C_WNO_SHADOW - Success
-- Performing Test HAVE_C_WNO_UNUSED
-- Performing Test HAVE_C_WNO_UNUSED - Success
-- Performing Test HAVE_C_WNO_UNUSED_PARAMETER
-- Performing Test HAVE_C_WNO_UNUSED_PARAMETER - Success
-- Could NOT find TIFF (missing:  TIFF_LIBRARY TIFF_INCLUDE_DIR) 
-- Looking for assert.h
-- Looking for assert.h - found
-- Looking for dlfcn.h
-- Looking for dlfcn.h - found
-- Looking for fcntl.h
-- Looking for fcntl.h - found
-- Looking for inttypes.h
-- Looking for inttypes.h - found
-- Looking for io.h
-- Looking for io.h - not found
-- Looking for limits.h
-- Looking for limits.h - found
-- Looking for memory.h
-- Looking for memory.h - found
-- Looking for search.h
-- Looking for search.h - found
-- Looking for string.h
-- Looking for string.h - found
-- Looking for strings.h
-- Looking for strings.h - found
-- Looking for sys/time.h
-- Looking for sys/time.h - found
-- Looking for unistd.h
-- Looking for unistd.h - found
-- Performing Test C_HAS_inline
-- Performing Test C_HAS_inline - Success
-- Check size of signed short
-- Check size of signed short - done
-- Check size of unsigned short
-- Check size of unsigned short - done
-- Check size of signed int
-- Check size of signed int - done
-- Check size of unsigned int
-- Check size of unsigned int - done
-- Check size of signed long
-- Check size of signed long - done
-- Check size of unsigned long
-- Check size of unsigned long - done
-- Check size of signed long long
-- Check size of signed long long - done
-- Check size of unsigned long long
-- Check size of unsigned long long - done
-- Check size of unsigned char *
-- Check size of unsigned char * - done
-- Check size of size_t
-- Check size of size_t - done
-- Check size of ptrdiff_t
-- Check size of ptrdiff_t - done
-- Check size of INT8
-- Check size of INT8 - failed
-- Check size of INT16
-- Check size of INT16 - failed
-- Check size of INT32
-- Check size of INT32 - failed
-- Looking for floor
-- Looking for floor - not found
-- Looking for pow
-- Looking for pow - not found
-- Looking for sqrt
-- Looking for sqrt - not found
-- Looking for isascii
-- Looking for isascii - found
-- Looking for memset
-- Looking for memset - found
-- Looking for mmap
-- Looking for mmap - found
-- Looking for getopt
-- Looking for getopt - found
-- Looking for memmove
-- Looking for memmove - found
-- Looking for setmode
-- Looking for setmode - not found
-- Looking for strcasecmp
-- Looking for strcasecmp - found
-- Looking for strchr
-- Looking for strchr - found
-- Looking for strrchr
-- Looking for strrchr - found
-- Looking for strstr
-- Looking for strstr - found
-- Looking for strtol
-- Looking for strtol - found
-- Looking for strtol
-- Looking for strtol - found
-- Looking for strtoull
-- Looking for strtoull - found
-- Looking for lfind
-- Looking for lfind - found
-- Performing Test HAVE_SNPRINTF
-- Performing Test HAVE_SNPRINTF - Success
-- Check if the system is big endian
-- Searching 16 bit integer
-- Using unsigned short
-- Check if the system is big endian - little endian
-- Performing Test HAVE_C_WNO_UNUSED_BUT_SET_VARIABLE
-- Performing Test HAVE_C_WNO_UNUSED_BUT_SET_VARIABLE - Success
-- Performing Test HAVE_C_WNO_SIGN_COMPARE
-- Performing Test HAVE_C_WNO_SIGN_COMPARE - Success
-- Performing Test HAVE_C_WNO_MAYBE_UNINITIALIZED
-- Performing Test HAVE_C_WNO_MAYBE_UNINITIALIZED - Success
-- Performing Test HAVE_C_WNO_POINTER_TO_INT_CAST
-- Performing Test HAVE_C_WNO_POINTER_TO_INT_CAST - Success
-- Performing Test HAVE_C_WNO_INT_TO_POINTER_CAST
-- Performing Test HAVE_C_WNO_INT_TO_POINTER_CAST - Success
-- Performing Test HAVE_C_WNO_MISLEADING_INDENTATION
-- Performing Test HAVE_C_WNO_MISLEADING_INDENTATION - Failed
-- Performing Test HAVE_CXX_WNO_MISSING_DECLARATIONS
-- Performing Test HAVE_CXX_WNO_MISSING_DECLARATIONS - Success
-- Performing Test HAVE_CXX_WNO_UNUSED_PARAMETER
-- Performing Test HAVE_CXX_WNO_UNUSED_PARAMETER - Success
-- Performing Test HAVE_CXX_WNO_UNDEF
-- Performing Test HAVE_CXX_WNO_UNDEF - Success
-- Performing Test HAVE_C_WNO_UNUSED_VARIABLE
-- Performing Test HAVE_C_WNO_UNUSED_VARIABLE - Success
-- Performing Test HAVE_C_WNO_UNUSED_FUNCTION
-- Performing Test HAVE_C_WNO_UNUSED_FUNCTION - Success
-- Found JPEG: libjpeg  
-- Could NOT find Jasper (missing:  JASPER_LIBRARIES JASPER_INCLUDE_DIR) 
-- Performing Test HAVE_C_WNO_IMPLICIT_FUNCTION_DECLARATION
-- Performing Test HAVE_C_WNO_IMPLICIT_FUNCTION_DECLARATION - Success
-- Performing Test HAVE_C_WNO_UNINITIALIZED
-- Performing Test HAVE_C_WNO_UNINITIALIZED - Success
-- Performing Test HAVE_C_WNO_UNUSED_BUT_SET_PARAMETER
-- Performing Test HAVE_C_WNO_UNUSED_BUT_SET_PARAMETER - Success
-- Performing Test HAVE_C_WNO_STRICT_OVERFLOW
-- Performing Test HAVE_C_WNO_STRICT_OVERFLOW - Success
-- Performing Test HAVE_C_WNO_POINTER_COMPARE
-- Performing Test HAVE_C_WNO_POINTER_COMPARE - Failed
-- Performing Test HAVE_C_WNO_ABSOLUTE_VALUE
-- Performing Test HAVE_C_WNO_ABSOLUTE_VALUE - Failed
-- Could NOT find ZLIB (missing:  ZLIB_INCLUDE_DIR) (found version "1.2.11")
-- Could NOT find PNG (missing:  PNG_LIBRARY PNG_PNG_INCLUDE_DIR) 
-- math lib 'libm' not found; floating point support disabled
-- Looking for semaphore.h
-- Looking for semaphore.h - found
-- Performing Test HAVE_CXX_WNO_SHADOW
-- Performing Test HAVE_CXX_WNO_SHADOW - Success
-- Performing Test HAVE_CXX_WNO_UNUSED
-- Performing Test HAVE_CXX_WNO_UNUSED - Success
-- Performing Test HAVE_CXX_WNO_SIGN_COMPARE
-- Performing Test HAVE_CXX_WNO_SIGN_COMPARE - Success
-- Performing Test HAVE_CXX_WNO_UNINITIALIZED
-- Performing Test HAVE_CXX_WNO_UNINITIALIZED - Success
-- Performing Test HAVE_CXX_WNO_SWITCH
-- Performing Test HAVE_CXX_WNO_SWITCH - Success
-- Performing Test HAVE_CXX_WNO_PARENTHESES
-- Performing Test HAVE_CXX_WNO_PARENTHESES - Success
-- Performing Test HAVE_CXX_WNO_ARRAY_BOUNDS
-- Performing Test HAVE_CXX_WNO_ARRAY_BOUNDS - Success
-- Performing Test HAVE_CXX_WNO_EXTRA
-- Performing Test HAVE_CXX_WNO_EXTRA - Success
-- Performing Test HAVE_CXX_WNO_DEPRECATED_DECLARATIONS
-- Performing Test HAVE_CXX_WNO_DEPRECATED_DECLARATIONS - Success
-- Performing Test HAVE_CXX_WNO_MISLEADING_INDENTATION
-- Performing Test HAVE_CXX_WNO_MISLEADING_INDENTATION - Failed
-- Performing Test HAVE_CXX_WNO_DEPRECATED
-- Performing Test HAVE_CXX_WNO_DEPRECATED - Success
-- Looking for linux/videodev.h
-- Looking for linux/videodev.h - not found
-- Looking for linux/videodev2.h
-- Looking for linux/videodev2.h - found
-- Looking for sys/videoio.h
-- Looking for sys/videoio.h - not found
-- Can't find ffmpeg - 'pkg-config' utility is missing
-- Could not find OpenBLAS include. Turning OpenBLAS_FOUND off
-- Could not find OpenBLAS lib. Turning OpenBLAS_FOUND off
-- Could NOT find Atlas (missing:  Atlas_CBLAS_INCLUDE_DIR Atlas_CLAPACK_INCLUDE_DIR Atlas_CBLAS_LIBRARY Atlas_BLAS_LIBRARY Atlas_LAPACK_LIBRARY) 
-- Looking for pthread.h
-- Looking for pthread.h - found
-- Looking for pthread_create
-- Looking for pthread_create - found
-- Found Threads: TRUE  
-- A library with BLAS API not found. Please specify library location.
-- LAPACK requires BLAS
-- A library with LAPACK API not found. Please specify library location.
-- Performing Test HAVE_CXX_WNO_MISSING_PROTOTYPES
-- Performing Test HAVE_CXX_WNO_MISSING_PROTOTYPES - Failed
-- Performing Test HAVE_CXX_WNO_UNUSED_LOCAL_TYPEDEFS
-- Performing Test HAVE_CXX_WNO_UNUSED_LOCAL_TYPEDEFS - Success
-- Performing Test HAVE_CXX_WNO_SIGN_PROMO
-- Performing Test HAVE_CXX_WNO_SIGN_PROMO - Success
-- Performing Test HAVE_CXX_WNO_TAUTOLOGICAL_UNDEFINED_COMPARE
-- Performing Test HAVE_CXX_WNO_TAUTOLOGICAL_UNDEFINED_COMPARE - Failed
-- Performing Test HAVE_CXX_WNO_IGNORED_QUALIFIERS
-- Performing Test HAVE_CXX_WNO_IGNORED_QUALIFIERS - Success
-- Performing Test HAVE_CXX_WNO_UNUSED_FUNCTION
-- Performing Test HAVE_CXX_WNO_UNUSED_FUNCTION - Success
-- Performing Test HAVE_CXX_WNO_UNUSED_CONST_VARIABLE
-- Performing Test HAVE_CXX_WNO_UNUSED_CONST_VARIABLE - Failed
-- Performing Test HAVE_CXX_WNO_SHORTEN_64_TO_32
-- Performing Test HAVE_CXX_WNO_SHORTEN_64_TO_32 - Failed
-- Performing Test HAVE_CXX_WNO_INVALID_OFFSETOF
-- Performing Test HAVE_CXX_WNO_INVALID_OFFSETOF - Success
-- Performing Test HAVE_CXX_WNO_ENUM_COMPARE_SWITCH
-- Performing Test HAVE_CXX_WNO_ENUM_COMPARE_SWITCH - Failed
-- Could NOT find Matlab (missing:  MATLAB_MEX_SCRIPT MATLAB_INCLUDE_DIRS MATLAB_ROOT_DIR MATLAB_LIBRARIES MATLAB_LIBRARY_DIRS MATLAB_MEXEXT MATLAB_ARCH MATLAB_BIN) 
-- Performing Test CXX_HAS_MFPU_NEON
-- Performing Test CXX_HAS_MFPU_NEON - Success
-- Performing Test C_HAS_MFPU_NEON
-- Performing Test C_HAS_MFPU_NEON - Success
-- Caffe:   NO
-- Protobuf:   NO
-- Glog:   NO
-- tiny-dnn: Download: v1.0.0a3.tar.gz
-- Looking for tiny_dnn.h
-- Looking for tiny_dnn.h - not found
-- Performing Test COMPILER_SUPPORTS_CXX11
-- Performing Test COMPILER_SUPPORTS_CXX11 - Success
-- Module opencv_dnn_modern disabled because tiny-dnn was not found
-- freetype2:   NO
-- harfbuzz:    NO
-- Module opencv_ovis disabled because OGRE3D was not found
-- No preference for use of exported gflags CMake configuration set, and no hints for include/library directories provided. Defaulting to preferring an installed/exported gflags CMake configuration if available.
-- Failed to find installed gflags CMake configuration, searching for gflags build directories exported with CMake.
-- Failed to find gflags - Failed to find an installed/exported CMake configuration for gflags, will perform search for installed gflags components.
-- Failed to find gflags - Could not find gflags include directory, set GFLAGS_INCLUDE_DIR to directory containing gflags/gflags.h
-- Failed to find glog - Could not find glog include directory, set GLOG_INCLUDE_DIR to directory containing glog/logging.h
-- Module opencv_sfm disabled because the following dependencies are not found: Eigen Glog/Gflags
-- Excluding from source files list: modules/core/src/convert.avx2.cpp
-- Excluding from source files list: modules/core/src/convert.fp16.cpp
-- Excluding from source files list: modules/core/src/convert.sse4_1.cpp
-- Excluding from source files list: modules/core/test/test_intrin.fp16.cpp
-- Excluding from source files list: modules/imgproc/src/corner.avx.cpp
-- Excluding from source files list: modules/imgproc/src/filter.avx2.cpp
-- Excluding from source files list: modules/imgproc/src/imgwarp.avx2.cpp
-- Excluding from source files list: modules/imgproc/src/imgwarp.sse4_1.cpp
-- Excluding from source files list: modules/imgproc/src/resize.avx2.cpp
-- Excluding from source files list: modules/imgproc/src/resize.sse4_1.cpp
-- Excluding from source files list: modules/imgproc/src/undistort.avx2.cpp
-- Excluding from source files list: modules/objdetect/src/haar.avx.cpp
-- Performing Test HAVE_CXX_WNO_MAYBE_UNINITIALIZED
-- Performing Test HAVE_CXX_WNO_MAYBE_UNINITIALIZED - Success
-- Performing Test HAVE_CXX_WNO_ERROR_NON_VIRTUAL_DTOR
-- Performing Test HAVE_CXX_WNO_ERROR_NON_VIRTUAL_DTOR - Success
-- Performing Test HAVE_CXX_WNO_ENUM_COMPARE
-- Performing Test HAVE_CXX_WNO_ENUM_COMPARE - Success
-- Excluding from source files list: <BUILD>/modules/dnn/layers/layers_common.avx.cpp
-- Excluding from source files list: <BUILD>/modules/dnn/layers/layers_common.avx2.cpp
-- Excluding from source files list: <BUILD>/modules/dnn/layers/layers_common.avx512_skx.cpp
-- Excluding from source files list: modules/features2d/src/fast.avx2.cpp
-- Performing Test HAVE_CXX_WNO_OVERLOADED_VIRTUAL
-- Performing Test HAVE_CXX_WNO_OVERLOADED_VIRTUAL - Success
-- xfeatures2d/boostdesc: Download: boostdesc_bgm.i
-- xfeatures2d/boostdesc: Download: boostdesc_bgm_bi.i
-- xfeatures2d/boostdesc: Download: boostdesc_bgm_hd.i
-- xfeatures2d/boostdesc: Download: boostdesc_binboost_064.i
-- xfeatures2d/boostdesc: Download: boostdesc_binboost_128.i
-- xfeatures2d/boostdesc: Download: boostdesc_binboost_256.i
-- xfeatures2d/boostdesc: Download: boostdesc_lbgm.i
-- xfeatures2d/vgg: Download: vgg_generated_48.i
-- xfeatures2d/vgg: Download: vgg_generated_64.i
-- xfeatures2d/vgg: Download: vgg_generated_80.i
-- xfeatures2d/vgg: Download: vgg_generated_120.i
-- data: Download: face_landmark_model.dat
-- 
-- General configuration for OpenCV 3.4.1 =====================================
--   Version control:               unknown
-- 
--   Extra modules:
--     Location (extra):            /home/zhangshaoyan/armbuild/opencv_contrib-3.4.1/modules
--     Version control (extra):     unknown
-- 
--   Platform:
--     Timestamp:                   2018-06-01T01:05:13Z
--     Host:                        Linux 4.4.132-53-default x86_64
--     Target:                      Linux 1 arm
--     CMake:                       3.5.2
--     CMake generator:             Unix Makefiles
--     CMake build tool:            /usr/bin/gmake
--     Configuration:               Release
-- 
--   CPU/HW features:
--     Baseline:
--       requested:                 DETECT
--       disabled:                  VFPV3 NEON
-- 
--   C/C++:
--     Built as dynamic libs?:      YES
--     C++ Compiler:                /opt/EmbedSky/gcc-linaro-5.3-2016.02-x86_64_arm-linux-gnueabihf/bin/arm-linux-gnueabihf-g++  (ver 5.3.1)
--     C++ flags (Release):         -mthumb  -fdata-sections -Wa,--noexecstack -fsigned-char -Wno-psabi   -fsigned-char -W -Wall -Werror=return-type -Werror=non-virtual-dtor -Werror=address -Werror=sequence-point -Wformat -Werror=format-security -Wmissing-declarations -Wundef -Winit-self -Wpointer-arith -Wshadow -Wsign-promo -Wuninitialized -Winit-self -Wno-narrowing -Wno-delete-non-virtual-dtor -Wno-comment -fdiagnostics-show-option -pthread -fomit-frame-pointer -ffunction-sections -fdata-sections  -mfp16-format=ieee -fvisibility=hidden -fvisibility-inlines-hidden -O3 -DNDEBUG  -DNDEBUG
--     C++ flags (Debug):           -mthumb  -fdata-sections -Wa,--noexecstack -fsigned-char -Wno-psabi   -fsigned-char -W -Wall -Werror=return-type -Werror=non-virtual-dtor -Werror=address -Werror=sequence-point -Wformat -Werror=format-security -Wmissing-declarations -Wundef -Winit-self -Wpointer-arith -Wshadow -Wsign-promo -Wuninitialized -Winit-self -Wno-narrowing -Wno-delete-non-virtual-dtor -Wno-comment -fdiagnostics-show-option -pthread -fomit-frame-pointer -ffunction-sections -fdata-sections  -mfp16-format=ieee -fvisibility=hidden -fvisibility-inlines-hidden -g  -O0 -DDEBUG -D_DEBUG
--     C Compiler:                  /opt/EmbedSky/gcc-linaro-5.3-2016.02-x86_64_arm-linux-gnueabihf/bin/arm-linux-gnueabihf-gcc
--     C flags (Release):           -mthumb  -fdata-sections -Wa,--noexecstack -fsigned-char -Wno-psabi   -fsigned-char -W -Wall -Werror=return-type -Werror=non-virtual-dtor -Werror=address -Werror=sequence-point -Wformat -Werror=format-security -Wmissing-declarations -Wmissing-prototypes -Wstrict-prototypes -Wundef -Winit-self -Wpointer-arith -Wshadow -Wuninitialized -Winit-self -Wno-narrowing -Wno-comment -fdiagnostics-show-option -pthread -fomit-frame-pointer -ffunction-sections -fdata-sections  -mfp16-format=ieee -fvisibility=hidden -O3 -DNDEBUG  -DNDEBUG
--     C flags (Debug):             -mthumb  -fdata-sections -Wa,--noexecstack -fsigned-char -Wno-psabi   -fsigned-char -W -Wall -Werror=return-type -Werror=non-virtual-dtor -Werror=address -Werror=sequence-point -Wformat -Werror=format-security -Wmissing-declarations -Wmissing-prototypes -Wstrict-prototypes -Wundef -Winit-self -Wpointer-arith -Wshadow -Wuninitialized -Winit-self -Wno-narrowing -Wno-comment -fdiagnostics-show-option -pthread -fomit-frame-pointer -ffunction-sections -fdata-sections  -mfp16-format=ieee -fvisibility=hidden -g  -O0 -DDEBUG -D_DEBUG
--     Linker flags (Release):      -Wl,--fix-cortex-a8 -Wl,--no-undefined -Wl,--gc-sections -Wl,-z,noexecstack -Wl,-z,relro -Wl,-z,now    
--     Linker flags (Debug):        -Wl,--fix-cortex-a8 -Wl,--no-undefined -Wl,--gc-sections -Wl,-z,noexecstack -Wl,-z,relro -Wl,-z,now    
--     ccache:                      NO
--     Precompiled headers:         NO
--     Extra dependencies:          dl m pthread rt
--     3rdparty dependencies:
-- 
--   OpenCV modules:
--     To be built:                 aruco bgsegm bioinspired calib3d ccalib core datasets dnn dnn_objdetect dpm face features2d flann fuzzy hfs highgui img_hash imgcodecs imgproc java_bindings_generator line_descriptor ml objdetect optflow phase_unwrapping photo plot python_bindings_generator reg rgbd saliency shape stereo stitching structured_light superres surface_matching text tracking ts video videoio videostab xfeatures2d ximgproc xobjdetect xphoto
--     Disabled:                    js world
--     Disabled by dependency:      -
--     Unavailable:                 cnn_3dobj cudaarithm cudabgsegm cudacodec cudafeatures2d cudafilters cudaimgproc cudalegacy cudaobjdetect cudaoptflow cudastereo cudawarping cudev cvv dnn_modern freetype hdf java matlab ovis python2 python3 sfm viz
--     Applications:                tests perf_tests apps
--     Documentation:               NO
--     Non-free algorithms:         NO
-- 
--   GUI: 
--     GTK+:                        NO
-- 
--   Media I/O: 
--     ZLib:                        build (ver 1.2.11)
--     JPEG:                        libjpeg (ver 90)
--     WEBP:                        build (ver encoder: 0x020e)
--     PNG:                         build (ver 1.6.34)
--     TIFF:                        build (ver 42 - 4.0.9)
--     JPEG 2000:                   build (ver 1.900.1)
--     OpenEXR:                     build (ver 1.7.1)
-- 
--   Video I/O:
--     DC1394:                      NO
--     FFMPEG:                      NO
--       avcodec:                   NO
--       avformat:                  NO
--       avutil:                    NO
--       swscale:                   NO
--       avresample:                NO
--     GStreamer:                   NO
--     libv4l/libv4l2:              NO
--     v4l/v4l2:                    linux/videodev2.h
--     gPhoto2:                     NO
-- 
--   Parallel framework:            pthreads
-- 
--   Trace:                         YES (built-in)
-- 
--   Other third-party libraries:
--     Lapack:                      NO
--     Custom HAL:                  YES (carotene (ver 0.0.1))
--     Protobuf:                    build (3.5.1)
-- 
--   NVIDIA CUDA:                   NO
-- 
--   OpenCL:                        YES (no extra features)
--     Include path:                /home/zhangshaoyan/armbuild/opencv-3.4.1/3rdparty/include/opencl/1.2
--     Link libraries:              Dynamic load
-- 
--   Python (for build):            /usr/local/bin/python2.7
-- 
--   Matlab:                        NO
-- 
--   Install to:                    /home/zhangshaoyan/armbuild/opencv-3.4.1/build/install
-- -----------------------------------------------------------------
-- 
-- Configuring done
-- Generating done
-- Build files have been written to: /home/zhangshaoyan/armbuild/opencv-3.4.1/build
zhangshaoyan@linux-idpd:~/armbuild/opencv-3.4.1/build> 



cmake -DOPENCV_EXTRA_MODULES_PATH=../../opencv_contrib-3.4.1/modules -DCMAKE_TOOLCHAIN_FILE=../platforms/linux/arm-gnueabi.toolchain.cmake -DZLIB_INCLUDE_DIR=/home/zhangshaoyan/armbuild/libz4arm/include -DZLIB_LIBRARY=/home/zhangshaoyan/armbuild/libz4arm/lib ..

//compile jpeg.
 CC=arm-linux-gnueabihf-gcc ./configure  --prefix=/home/zhangshaoyan/armbuild/libjpeg4arm --host=arm-linux
 make && make install
 
//compile tiff.
zhangshaoyan@linux-idpd:~/armbuild/tiff-4.0.9> sh autogen.sh 

CC=arm-linux-gnueabihf-gcc CXX=arm-linux-gnueabihf-g++ ./configure --prefix=/home/zhangshaoyan/armbuild/libtiff4arm --host=arm-linux --disable-zlib --disable-jpeg

make && make install


cmake -DOPENCV_EXTRA_MODULES_PATH=../../opencv_contrib-3.4.1/modules -DCMAKE_TOOLCHAIN_FILE=../platforms/linux/arm-gnueabi.toolchain.cmake -DZLIB_INCLUDE_DIR=/home/zhangshaoyan/armbuild/lib4arm/include -DZLIB_LIBRARY=/home/zhangshaoyan/armbuild/lib4arm/lib -DSOFTFP=ON ..^C


 //compile png.
zhangshaoyan@linux-idpd:~/armbuild/libpng-1.6.34> CC=arm-linux-gnueabihf-gcc CXX=arm-linux-gnueabihf-g++ ./configure --prefix=/home/zhangshaoyan/armbuild/libpng4arm --host=arm-linux CPPFLAGS=-I/home/zhangshaoyan/armbuild/libz4arm/include LDFLAGS=-L/home/zhangshaoyan/armbuild/libz4arm/lib 
make && make install


zhangshaoyan@linux-idpd:~/armbuild/libwebp-1.0.0> CC=arm-linux-gnueabihf-gcc CXX=arm-linux-gnueabihf-g++ ./configure --prefix=/home/zhangshaoyan/armbuild/libwebp4arm  --host=arm-linux --disable-png --disable-jpeg --disable-tiff 


 
zhangshaoyan@linux-idpd:~/armbuild/opencv-3.4.1/build> cmake -DOPENCV_EXTRA_MODULES_PATH=../../opencv_contrib-3.4.1/modules -DCMAKE_TOOLCHAIN_FILE=../platforms/linux/arm-gnueabi.toolchain.cmake -DZLIB_INCLUDE_DIR=/home/zhangshaoyan/armbuild/lib4arm/include -DZLIB_LIBRARY=/home/zhangshaoyan/armbuild/lib4arm/lib -DJPEG_INCLUDE_DIR=/home/zhangshaoyan/armbuild/libjpeg4arm/include -DJPEG_LIBRARY=/home/zhangshaoyan/armbuild/libjpeg4arm/lib -DTIFF_INCLUDE_DIR=/home/zhangshaoyan/armbuild/libtiff4arm/include -DTIFF_LIBRARY=/home/zhangshaoyan/libtiff4arm/lib -DPNG_PNG_INCLUDE_DIR=/home/zhangshaoyan/armbuild/libpng4arm/include -DPNG_LIBRARY=/home/zhangshaoyan/armbuild/libpng4arm/lib -DSOFTFP=ON  -DWEBP_INCLUDE_DIR=/home/zhangshaoyan/armbuild/libwebp4arm/include -DWEBP_LIBRARY=/home/zhangshaoyan/armbuild/libwebp4arm/lib  ..

[ 29%] Building C object 3rdparty/libpng/CMakeFiles/libpng.dir/png.c.o
In file included from /home/zhangshaoyan/armbuild/opencv-3.4.1/3rdparty/libpng/pngpriv.h:904:0,
                 from /home/zhangshaoyan/armbuild/opencv-3.4.1/3rdparty/libpng/png.c:14:
/home/zhangshaoyan/armbuild/opencv-3.4.1/3rdparty/libpng/pngstruct.h:30:18: fatal error: zlib.h: No such file or directory
compilation terminated.
3rdparty/libpng/CMakeFiles/libpng.dir/build.make:62: recipe for target '3rdparty/libpng/CMakeFiles/libpng.dir/png.c.o' failed
make[2]: *** [3rdparty/libpng/CMakeFiles/libpng.dir/png.c.o] Error 1
CMakeFiles/Makefile2:601: recipe for target '3rdparty/libpng/CMakeFiles/libpng.dir/all' failed
make[1]: *** [3rdparty/libpng/CMakeFiles/libpng.dir/all] Error 2




cmake -DCMAKE_TOOLCHAIN_FILE=../platforms/linux/arm-gnueabi.toolchain.cmake  -DZLIB_INCLUDE_DIR=/home/zhangshaoyan/armbuild/lib4arm/include -DZLIB_LIBRARY=/home/zhangshaoyan/armbuild/lib4arm/lib  -DBUILD_PNG=ON -DBUILD_TIFF=ON -DBUILD_TBB=ON -DBUILD_JPEG=ON -DBUILD_JASPER=ON -DBUILD_ZLIB=ON -DBUILD_opencv_java=OFF -DBUILD_opencv_python=OFF -DBUILD_opencv_python2=OFF -DBUILD_opencv_python3=OFF -DBUILD_TESTS=OFF -DBUILD_PERF_TESTS=OFF -DBUILD_EXAMPLES=OFF -DWITH_GSTREAMER=OFF -DINSTALL_TESTS=OFF -DBUILD_opencv_nonfree=ON -DWITH_GTK=OFF -DWITH_OPENCL=ON -DWITH_OPENMP=ON -DWITH_FFMPEG=OFF -DWITH_IPP=ON -DWITH_CUDA=OFF -DWITH_VTK=OFF -DWITH_TBB=OFF -DWITH_1394=OFF -DWITH_OPENEXR=OFF -DENABLE_NEON=ON -DENABLE_VFPV3=ON ..
